TN:
SF:src/render/drawPrimitives.ts
FN:4,drawPathNode
FN:30,drawLineNode
FNF:2
FNH:2
FNDA:3,drawPathNode
FNDA:2,drawLineNode
DA:1,1
DA:4,1
DA:5,3
DA:6,3
DA:7,3
DA:8,3
DA:9,3
DA:10,3
DA:11,3
DA:12,3
DA:13,3
DA:14,3
DA:15,3
DA:16,3
DA:17,3
DA:18,3
DA:19,1
DA:20,1
DA:21,1
DA:22,3
DA:23,1
DA:24,1
DA:25,1
DA:26,1
DA:27,2
DA:28,2
DA:30,1
DA:31,2
DA:32,2
DA:33,2
DA:34,2
DA:35,2
DA:36,2
DA:37,2
DA:38,2
DA:39,2
DA:40,2
DA:41,2
DA:42,2
DA:43,2
DA:44,2
DA:45,2
DA:46,2
DA:47,2
DA:48,2
DA:49,2
DA:50,2
DA:51,2
DA:52,2
DA:53,2
DA:54,2
LF:51
LH:51
BRDA:4,0,0,3
BRDA:11,1,0,1
BRDA:11,2,0,2
BRDA:12,3,0,0
BRDA:15,4,0,1
BRDA:18,5,0,1
BRDA:21,6,0,2
BRDA:22,7,0,1
BRDA:26,8,0,2
BRDA:30,9,0,2
BRDA:41,10,0,1
BRDA:42,11,0,1
BRDA:43,12,0,1
BRDA:44,13,0,1
BRDA:51,14,0,1
BRF:15
BRH:14
end_of_record
TN:
SF:src/runtime/hitTestPrimitives.ts
FN:1,hitTestEllipse
FN:19,hitTestLineSegment
FNF:2
FNH:2
FNDA:4,hitTestEllipse
FNDA:8,hitTestLineSegment
DA:1,1
DA:2,4
DA:3,4
DA:4,4
DA:5,4
DA:6,4
DA:7,4
DA:8,4
DA:9,4
DA:10,4
DA:11,4
DA:12,2
DA:13,2
DA:14,2
DA:15,2
DA:16,2
DA:17,2
DA:19,1
DA:20,8
DA:21,8
DA:22,8
DA:23,8
DA:24,8
DA:25,8
DA:26,8
DA:27,8
DA:28,8
DA:29,8
DA:30,8
DA:31,8
DA:32,8
DA:33,8
DA:34,2
DA:35,2
DA:36,2
DA:37,2
DA:38,6
DA:39,8
DA:40,4
DA:41,6
DA:42,6
DA:43,6
DA:44,6
DA:45,6
DA:46,6
LF:45
LH:45
BRDA:1,0,0,4
BRDA:11,1,0,3
BRDA:11,2,0,2
BRDA:19,3,0,8
BRDA:33,4,0,2
BRDA:37,5,0,6
BRDA:39,6,0,2
BRDA:39,7,0,4
BRDA:40,8,0,2
BRDA:40,9,0,6
BRF:10
BRH:10
end_of_record
TN:
SF:src/utils/path2d.ts
FN:3,resolvePath2D
FNF:1
FNH:1
FNDA:7,resolvePath2D
DA:3,1
DA:4,7
DA:5,7
DA:6,2
DA:7,2
DA:8,2
DA:9,2
DA:11,7
DA:13,4
DA:14,4
DA:15,4
DA:16,4
DA:17,4
DA:18,7
DA:19,1
DA:20,1
DA:21,1
DA:22,1
DA:23,7
LF:19
LH:19
BRDA:3,0,0,7
BRDA:5,1,0,2
BRDA:9,2,0,5
BRDA:11,3,0,1
BRDA:11,4,0,1
BRDA:11,5,0,4
BRDA:18,6,0,1
BRF:7
BRH:7
end_of_record
